<?xml version="1.0" encoding="UTF-8"?>
<testsuite xmlns:xsi="http://www.w3.org/2001/XMLSchema-instance" xsi:noNamespaceSchemaLocation="https://maven.apache.org/surefire/maven-surefire-plugin/xsd/surefire-test-report-3.0.xsd" version="3.0" name="com.thurbandeira.todocli.service.TaskServiceTest" time="0.022" tests="5" errors="0" skipped="0" failures="0">
  <properties>
[...]
</properties>
  <testcase name="addTask_assignsIncrementalIds" classname="com.thurbandeira.todocli.service.TaskServiceTest" time="0.002"/>
  <testcase name="updateTitle_changesTitleAndValidates" classname="com.thurbandeira.todocli.service.TaskServiceTest" time="0.003"/>
  <testcase name="listByStatus_filtersCompletedAndPending" classname="com.thurbandeira.todocli.service.TaskServiceTest" time="0.004"/>
  <testcase name="markTaskAsCompleted_handlesMissingAndAlreadyDone" classname="com.thurbandeira.todocli.service.TaskServiceTest" time="0.001"/>
  <testcase name="clearCompleted_removesOnlyCompletedTasks" classname="com.thurbandeira.todocli.service.TaskServiceTest" time="0.003"/>
</testsuite>